<?xml version="1.0" encoding="UTF-8" ?>
<testsuite tests="2" failures="0" name="org.val.win.service.impl.OuvrageServiceImplTest" time="0.084" errors="2" skipped="0">
  <properties>
[...]
</properties>
  <testcase classname="org.val.win.service.impl.OuvrageServiceImplTest" name="getListOuvrageDispo" time="0.079">
    <error message="StatementCallback; bad SQL grammar [SELECT * FROM public.ouvrage]; nested exception is org.postgresql.util.PSQLException: Le nom de colonne nom_ouvrage n&apos;a pas été trouvé dans ce ResultSet." type="org.springframework.jdbc.BadSqlGrammarException">org.springframework.jdbc.BadSqlGrammarException: StatementCallback; bad SQL grammar [SELECT * FROM public.ouvrage]; nested exception is org.postgresql.util.PSQLException: Le nom de colonne nom_ouvrage n&apos;a pas été trouvé dans ce ResultSet.
	at org.springframework.jdbc.support.SQLStateSQLExceptionTranslator.doTranslate(SQLStateSQLExceptionTranslator.java:101)
	at org.springframework.jdbc.support.AbstractFallbackSQLExceptionTranslator.translate(AbstractFallbackSQLExceptionTranslator.java:72)
	at org.springframework.jdbc.support.AbstractFallbackSQLExceptionTranslator.translate(AbstractFallbackSQLExceptionTranslator.java:81)
	at org.springframework.jdbc.support.AbstractFallbackSQLExceptionTranslator.translate(AbstractFallbackSQLExceptionTranslator.java:81)
	at org.springframework.jdbc.core.JdbcTemplate.translateException(JdbcTemplate.java:1402)
	at org.springframework.jdbc.core.JdbcTemplate.execute(JdbcTemplate.java:388)
	at org.springframework.jdbc.core.JdbcTemplate.query(JdbcTemplate.java:446)
	at org.springframework.jdbc.core.JdbcTemplate.query(JdbcTemplate.java:456)
	at org.val.win.consumer.impl.dao.OuvrageDaoImpl.getListOuvrage(OuvrageDaoImpl.java:33)
	at org.val.win.business.impl.manager.OuvrageManagerImpl.getListOuvrage(OuvrageManagerImpl.java:33)
	at org.val.win.business.impl.manager.OuvrageManagerImpl.getListOuvrageDispo(OuvrageManagerImpl.java:38)
	at org.val.win.service.impl.OuvrageServiceImpl.getListOuvrageDispo(OuvrageServiceImpl.java:47)
	at org.val.win.service.impl.OuvrageServiceImplTest.getListOuvrageDispo(OuvrageServiceImplTest.java:33)
	at sun.reflect.NativeMethodAccessorImpl.invoke0(Native Method)
	at sun.reflect.NativeMethodAccessorImpl.invoke(NativeMethodAccessorImpl.java:62)
	at sun.reflect.DelegatingMethodAccessorImpl.invoke(DelegatingMethodAccessorImpl.java:43)
	at java.lang.reflect.Method.invoke(Method.java:498)
	at org.junit.runners.model.FrameworkMethod$1.runReflectiveCall(FrameworkMethod.java:50)
	at org.junit.internal.runners.model.ReflectiveCallable.run(ReflectiveCallable.java:12)
	at org.junit.runners.model.FrameworkMethod.invokeExplosively(FrameworkMethod.java:47)
	at org.junit.internal.runners.statements.InvokeMethod.evaluate(InvokeMethod.java:17)
	at org.springframework.test.context.junit4.statements.RunBeforeTestExecutionCallbacks.evaluate(RunBeforeTestExecutionCallbacks.java:73)
	at org.springframework.test.context.junit4.statements.RunAfterTestExecutionCallbacks.evaluate(RunAfterTestExecutionCallbacks.java:83)
	at org.springframework.test.context.junit4.statements.RunBeforeTestMethodCallbacks.evaluate(RunBeforeTestMethodCallbacks.java:75)
	at org.springframework.test.context.junit4.statements.RunAfterTestMethodCallbacks.evaluate(RunAfterTestMethodCallbacks.java:86)
	at org.springframework.test.context.junit4.statements.SpringRepeat.evaluate(SpringRepeat.java:84)
	at org.junit.runners.ParentRunner.runLeaf(ParentRunner.java:325)
	at org.springframework.test.context.junit4.SpringJUnit4ClassRunner.runChild(SpringJUnit4ClassRunner.java:251)
	at org.springframework.test.context.junit4.SpringJUnit4ClassRunner.runChild(SpringJUnit4ClassRunner.java:97)
	at org.junit.runners.ParentRunner$3.run(ParentRunner.java:290)
	at org.junit.runners.ParentRunner$1.schedule(ParentRunner.java:71)
	at org.junit.runners.ParentRunner.runChildren(ParentRunner.java:288)
	at org.junit.runners.ParentRunner.access$000(ParentRunner.java:58)
	at org.junit.runners.ParentRunner$2.evaluate(ParentRunner.java:268)
	at org.springframework.test.context.junit4.statements.RunBeforeTestClassCallbacks.evaluate(RunBeforeTestClassCallbacks.java:61)
	at org.springframework.test.context.junit4.statements.RunAfterTestClassCallbacks.evaluate(RunAfterTestClassCallbacks.java:70)
	at org.junit.runners.ParentRunner.run(ParentRunner.java:363)
	at org.springframework.test.context.junit4.SpringJUnit4ClassRunner.run(SpringJUnit4ClassRunner.java:190)
	at org.apache.maven.surefire.junit4.JUnit4Provider.execute(JUnit4Provider.java:252)
	at org.apache.maven.surefire.junit4.JUnit4Provider.executeTestSet(JUnit4Provider.java:141)
	at org.apache.maven.surefire.junit4.JUnit4Provider.invoke(JUnit4Provider.java:112)
	at sun.reflect.NativeMethodAccessorImpl.invoke0(Native Method)
	at sun.reflect.NativeMethodAccessorImpl.invoke(NativeMethodAccessorImpl.java:62)
	at sun.reflect.DelegatingMethodAccessorImpl.invoke(DelegatingMethodAccessorImpl.java:43)
	at java.lang.reflect.Method.invoke(Method.java:498)
	at org.apache.maven.surefire.util.ReflectionUtils.invokeMethodWithArray(ReflectionUtils.java:189)
	at org.apache.maven.surefire.booter.ProviderFactory$ProviderProxy.invoke(ProviderFactory.java:165)
	at org.apache.maven.surefire.booter.ProviderFactory.invokeProvider(ProviderFactory.java:85)
	at org.apache.maven.surefire.booter.ForkedBooter.runSuitesInProcess(ForkedBooter.java:115)
	at org.apache.maven.surefire.booter.ForkedBooter.main(ForkedBooter.java:75)
Caused by: org.postgresql.util.PSQLException: Le nom de colonne nom_ouvrage n&apos;a pas été trouvé dans ce ResultSet.
	at org.postgresql.jdbc.PgResultSet.findColumn(PgResultSet.java:2589)
	at org.postgresql.jdbc.PgResultSet.getString(PgResultSet.java:2465)
	at org.apache.commons.dbcp2.DelegatingResultSet.getString(DelegatingResultSet.java:267)
	at org.apache.commons.dbcp2.DelegatingResultSet.getString(DelegatingResultSet.java:267)
	at org.val.win.consumer.impl.dao.OuvrageDaoImpl$1.mapRow(OuvrageDaoImpl.java:29)
	at org.val.win.consumer.impl.dao.OuvrageDaoImpl$1.mapRow(OuvrageDaoImpl.java:24)
	at org.springframework.jdbc.core.RowMapperResultSetExtractor.extractData(RowMapperResultSetExtractor.java:93)
	at org.springframework.jdbc.core.RowMapperResultSetExtractor.extractData(RowMapperResultSetExtractor.java:60)
	at org.springframework.jdbc.core.JdbcTemplate$1QueryStatementCallback.doInStatement(JdbcTemplate.java:434)
	at org.springframework.jdbc.core.JdbcTemplate.execute(JdbcTemplate.java:376)
	... 44 more
</error>
    <system-err>août 28, 2018 10:23:32 AM org.springframework.test.context.support.AbstractTestContextBootstrapper getDefaultTestExecutionListenerClassNames
INFOS: Loaded default TestExecutionListener class names from location [META-INF/spring.factories]: [org.springframework.test.context.web.ServletTestExecutionListener, org.springframework.test.context.support.DirtiesContextBeforeModesTestExecutionListener, org.springframework.test.context.support.DependencyInjectionTestExecutionListener, org.springframework.test.context.support.DirtiesContextTestExecutionListener, org.springframework.test.context.transaction.TransactionalTestExecutionListener, org.springframework.test.context.jdbc.SqlScriptsTestExecutionListener]
août 28, 2018 10:23:32 AM org.springframework.test.context.support.AbstractTestContextBootstrapper getTestExecutionListeners
INFOS: Using TestExecutionListeners: [org.springframework.test.context.support.DirtiesContextBeforeModesTestExecutionListener@60c6f5b, org.springframework.test.context.support.DependencyInjectionTestExecutionListener@2038ae61, org.springframework.test.context.support.DirtiesContextTestExecutionListener@3c0f93f1, org.springframework.test.context.transaction.TransactionalTestExecutionListener@31dc339b, org.springframework.test.context.jdbc.SqlScriptsTestExecutionListener@544fe44c]
août 28, 2018 10:23:32 AM org.springframework.beans.factory.xml.XmlBeanDefinitionReader loadBeanDefinitions
INFOS: Loading XML bean definitions from class path resource [bootstrapContext.xml]
août 28, 2018 10:23:32 AM org.springframework.beans.factory.xml.XmlBeanDefinitionReader loadBeanDefinitions
INFOS: Loading XML bean definitions from class path resource [webservice/webserviceContext.xml]
août 28, 2018 10:23:32 AM org.springframework.beans.factory.xml.XmlBeanDefinitionReader loadBeanDefinitions
INFOS: Loading XML bean definitions from class path resource [consumerContext.xml]
août 28, 2018 10:23:32 AM org.springframework.beans.factory.xml.XmlBeanDefinitionReader loadBeanDefinitions
INFOS: Loading XML bean definitions from class path resource [businessContext.xml]
août 28, 2018 10:23:32 AM org.springframework.beans.factory.xml.XmlBeanDefinitionReader loadBeanDefinitions
INFOS: Loading XML bean definitions from class path resource [webservice/webserviceContext.xml]
août 28, 2018 10:23:32 AM org.springframework.beans.factory.support.DefaultListableBeanFactory registerBeanDefinition
INFOS: Overriding bean definition for bean &apos;dataSourceP7&apos; with a different definition: replacing [Generic bean: class [org.apache.commons.dbcp2.BasicDataSourceFactory]; scope=; abstract=false; lazyInit=false; autowireMode=0; dependencyCheck=0; autowireCandidate=true; primary=false; factoryBeanName=null; factoryMethodName=createDataSource; initMethodName=null; destroyMethodName=close; defined in class path resource [webservice/webserviceContext.xml]] with [Generic bean: class [org.apache.commons.dbcp2.BasicDataSourceFactory]; scope=; abstract=false; lazyInit=false; autowireMode=0; dependencyCheck=0; autowireCandidate=true; primary=false; factoryBeanName=null; factoryMethodName=createDataSource; initMethodName=null; destroyMethodName=close; defined in class path resource [webservice/webserviceContext.xml]]
août 28, 2018 10:23:32 AM org.springframework.context.support.AbstractApplicationContext prepareRefresh
INFOS: Refreshing org.springframework.context.support.GenericApplicationContext@6321e813: startup date [Tue Aug 28 10:23:32 CEST 2018]; root of context hierarchy
août 28, 2018 10:23:32 AM org.springframework.beans.factory.annotation.AutowiredAnnotationBeanPostProcessor &lt;init&gt;
INFOS: JSR-330 &apos;javax.inject.Inject&apos; annotation found and supported for autowiring
août 28, 2018 10:23:33 AM org.springframework.test.context.transaction.TransactionContext startTransaction
INFOS: Began transaction (1) for test context [DefaultTestContext@65c7a252 testClass = OuvrageServiceImplTest, testInstance = org.val.win.service.impl.OuvrageServiceImplTest@4d154ccd, testMethod = getListOuvrageDispo@OuvrageServiceImplTest, testException = [null], mergedContextConfiguration = [MergedContextConfiguration@229c6181 testClass = OuvrageServiceImplTest, locations = &apos;{classpath:bootstrapContext.xml}&apos;, classes = &apos;{}&apos;, contextInitializerClasses = &apos;[]&apos;, activeProfiles = &apos;{}&apos;, propertySourceLocations = &apos;{}&apos;, propertySourceProperties = &apos;{}&apos;, contextCustomizers = set[[empty]], contextLoader = &apos;org.springframework.test.context.support.DelegatingSmartContextLoader&apos;, parent = [null]], attributes = map[[empty]]]; transaction manager [org.springframework.jdbc.datasource.DataSourceTransactionManager@4686afc2]; rollback [true]
août 28, 2018 10:23:33 AM org.springframework.beans.factory.xml.XmlBeanDefinitionReader loadBeanDefinitions
INFOS: Loading XML bean definitions from class path resource [org/springframework/jdbc/support/sql-error-codes.xml]
août 28, 2018 10:23:33 AM org.springframework.test.context.transaction.TransactionContext endTransaction
INFOS: Rolled back transaction for test: [DefaultTestContext@65c7a252 testClass = OuvrageServiceImplTest, testInstance = org.val.win.service.impl.OuvrageServiceImplTest@4d154ccd, testMethod = getListOuvrageDispo@OuvrageServiceImplTest, testException = org.springframework.jdbc.BadSqlGrammarException: StatementCallback; bad SQL grammar [SELECT * FROM public.ouvrage]; nested exception is org.postgresql.util.PSQLException: Le nom de colonne nom_ouvrage n&apos;a pas été trouvé dans ce ResultSet., mergedContextConfiguration = [MergedContextConfiguration@229c6181 testClass = OuvrageServiceImplTest, locations = &apos;{classpath:bootstrapContext.xml}&apos;, classes = &apos;{}&apos;, contextInitializerClasses = &apos;[]&apos;, activeProfiles = &apos;{}&apos;, propertySourceLocations = &apos;{}&apos;, propertySourceProperties = &apos;{}&apos;, contextCustomizers = set[[empty]], contextLoader = &apos;org.springframework.test.context.support.DelegatingSmartContextLoader&apos;, parent = [null]], attributes = map[[empty]]]
</system-err>
  </testcase>
  <testcase classname="org.val.win.service.impl.OuvrageServiceImplTest" name="getListOuvrage" time="0.005">
    <error message="StatementCallback; bad SQL grammar [SELECT * FROM public.ouvrage]; nested exception is org.postgresql.util.PSQLException: Le nom de colonne nom_ouvrage n&apos;a pas été trouvé dans ce ResultSet." type="org.springframework.jdbc.BadSqlGrammarException">org.springframework.jdbc.BadSqlGrammarException: StatementCallback; bad SQL grammar [SELECT * FROM public.ouvrage]; nested exception is org.postgresql.util.PSQLException: Le nom de colonne nom_ouvrage n&apos;a pas été trouvé dans ce ResultSet.
	at org.springframework.jdbc.support.SQLStateSQLExceptionTranslator.doTranslate(SQLStateSQLExceptionTranslator.java:101)
	at org.springframework.jdbc.support.AbstractFallbackSQLExceptionTranslator.translate(AbstractFallbackSQLExceptionTranslator.java:72)
	at org.springframework.jdbc.support.AbstractFallbackSQLExceptionTranslator.translate(AbstractFallbackSQLExceptionTranslator.java:81)
	at org.springframework.jdbc.support.AbstractFallbackSQLExceptionTranslator.translate(AbstractFallbackSQLExceptionTranslator.java:81)
	at org.springframework.jdbc.core.JdbcTemplate.translateException(JdbcTemplate.java:1402)
	at org.springframework.jdbc.core.JdbcTemplate.execute(JdbcTemplate.java:388)
	at org.springframework.jdbc.core.JdbcTemplate.query(JdbcTemplate.java:446)
	at org.springframework.jdbc.core.JdbcTemplate.query(JdbcTemplate.java:456)
	at org.val.win.consumer.impl.dao.OuvrageDaoImpl.getListOuvrage(OuvrageDaoImpl.java:33)
	at org.val.win.business.impl.manager.OuvrageManagerImpl.getListOuvrage(OuvrageManagerImpl.java:33)
	at org.val.win.service.impl.OuvrageServiceImpl.getListOuvrage(OuvrageServiceImpl.java:36)
	at org.val.win.service.impl.OuvrageServiceImplTest.getListOuvrage(OuvrageServiceImplTest.java:26)
	at sun.reflect.NativeMethodAccessorImpl.invoke0(Native Method)
	at sun.reflect.NativeMethodAccessorImpl.invoke(NativeMethodAccessorImpl.java:62)
	at sun.reflect.DelegatingMethodAccessorImpl.invoke(DelegatingMethodAccessorImpl.java:43)
	at java.lang.reflect.Method.invoke(Method.java:498)
	at org.junit.runners.model.FrameworkMethod$1.runReflectiveCall(FrameworkMethod.java:50)
	at org.junit.internal.runners.model.ReflectiveCallable.run(ReflectiveCallable.java:12)
	at org.junit.runners.model.FrameworkMethod.invokeExplosively(FrameworkMethod.java:47)
	at org.junit.internal.runners.statements.InvokeMethod.evaluate(InvokeMethod.java:17)
	at org.springframework.test.context.junit4.statements.RunBeforeTestExecutionCallbacks.evaluate(RunBeforeTestExecutionCallbacks.java:73)
	at org.springframework.test.context.junit4.statements.RunAfterTestExecutionCallbacks.evaluate(RunAfterTestExecutionCallbacks.java:83)
	at org.springframework.test.context.junit4.statements.RunBeforeTestMethodCallbacks.evaluate(RunBeforeTestMethodCallbacks.java:75)
	at org.springframework.test.context.junit4.statements.RunAfterTestMethodCallbacks.evaluate(RunAfterTestMethodCallbacks.java:86)
	at org.springframework.test.context.junit4.statements.SpringRepeat.evaluate(SpringRepeat.java:84)
	at org.junit.runners.ParentRunner.runLeaf(ParentRunner.java:325)
	at org.springframework.test.context.junit4.SpringJUnit4ClassRunner.runChild(SpringJUnit4ClassRunner.java:251)
	at org.springframework.test.context.junit4.SpringJUnit4ClassRunner.runChild(SpringJUnit4ClassRunner.java:97)
	at org.junit.runners.ParentRunner$3.run(ParentRunner.java:290)
	at org.junit.runners.ParentRunner$1.schedule(ParentRunner.java:71)
	at org.junit.runners.ParentRunner.runChildren(ParentRunner.java:288)
	at org.junit.runners.ParentRunner.access$000(ParentRunner.java:58)
	at org.junit.runners.ParentRunner$2.evaluate(ParentRunner.java:268)
	at org.springframework.test.context.junit4.statements.RunBeforeTestClassCallbacks.evaluate(RunBeforeTestClassCallbacks.java:61)
	at org.springframework.test.context.junit4.statements.RunAfterTestClassCallbacks.evaluate(RunAfterTestClassCallbacks.java:70)
	at org.junit.runners.ParentRunner.run(ParentRunner.java:363)
	at org.springframework.test.context.junit4.SpringJUnit4ClassRunner.run(SpringJUnit4ClassRunner.java:190)
	at org.apache.maven.surefire.junit4.JUnit4Provider.execute(JUnit4Provider.java:252)
	at org.apache.maven.surefire.junit4.JUnit4Provider.executeTestSet(JUnit4Provider.java:141)
	at org.apache.maven.surefire.junit4.JUnit4Provider.invoke(JUnit4Provider.java:112)
	at sun.reflect.NativeMethodAccessorImpl.invoke0(Native Method)
	at sun.reflect.NativeMethodAccessorImpl.invoke(NativeMethodAccessorImpl.java:62)
	at sun.reflect.DelegatingMethodAccessorImpl.invoke(DelegatingMethodAccessorImpl.java:43)
	at java.lang.reflect.Method.invoke(Method.java:498)
	at org.apache.maven.surefire.util.ReflectionUtils.invokeMethodWithArray(ReflectionUtils.java:189)
	at org.apache.maven.surefire.booter.ProviderFactory$ProviderProxy.invoke(ProviderFactory.java:165)
	at org.apache.maven.surefire.booter.ProviderFactory.invokeProvider(ProviderFactory.java:85)
	at org.apache.maven.surefire.booter.ForkedBooter.runSuitesInProcess(ForkedBooter.java:115)
	at org.apache.maven.surefire.booter.ForkedBooter.main(ForkedBooter.java:75)
Caused by: org.postgresql.util.PSQLException: Le nom de colonne nom_ouvrage n&apos;a pas été trouvé dans ce ResultSet.
	at org.postgresql.jdbc.PgResultSet.findColumn(PgResultSet.java:2589)
	at org.postgresql.jdbc.PgResultSet.getString(PgResultSet.java:2465)
	at org.apache.commons.dbcp2.DelegatingResultSet.getString(DelegatingResultSet.java:267)
	at org.apache.commons.dbcp2.DelegatingResultSet.getString(DelegatingResultSet.java:267)
	at org.val.win.consumer.impl.dao.OuvrageDaoImpl$1.mapRow(OuvrageDaoImpl.java:29)
	at org.val.win.consumer.impl.dao.OuvrageDaoImpl$1.mapRow(OuvrageDaoImpl.java:24)
	at org.springframework.jdbc.core.RowMapperResultSetExtractor.extractData(RowMapperResultSetExtractor.java:93)
	at org.springframework.jdbc.core.RowMapperResultSetExtractor.extractData(RowMapperResultSetExtractor.java:60)
	at org.springframework.jdbc.core.JdbcTemplate$1QueryStatementCallback.doInStatement(JdbcTemplate.java:434)
	at org.springframework.jdbc.core.JdbcTemplate.execute(JdbcTemplate.java:376)
	... 43 more
</error>
    <system-err>août 28, 2018 10:23:33 AM org.springframework.test.context.transaction.TransactionContext startTransaction
INFOS: Began transaction (1) for test context [DefaultTestContext@65c7a252 testClass = OuvrageServiceImplTest, testInstance = org.val.win.service.impl.OuvrageServiceImplTest@247310d0, testMethod = getListOuvrage@OuvrageServiceImplTest, testException = [null], mergedContextConfiguration = [MergedContextConfiguration@229c6181 testClass = OuvrageServiceImplTest, locations = &apos;{classpath:bootstrapContext.xml}&apos;, classes = &apos;{}&apos;, contextInitializerClasses = &apos;[]&apos;, activeProfiles = &apos;{}&apos;, propertySourceLocations = &apos;{}&apos;, propertySourceProperties = &apos;{}&apos;, contextCustomizers = set[[empty]], contextLoader = &apos;org.springframework.test.context.support.DelegatingSmartContextLoader&apos;, parent = [null]], attributes = map[[empty]]]; transaction manager [org.springframework.jdbc.datasource.DataSourceTransactionManager@4686afc2]; rollback [true]
août 28, 2018 10:23:33 AM org.springframework.test.context.transaction.TransactionContext endTransaction
INFOS: Rolled back transaction for test: [DefaultTestContext@65c7a252 testClass = OuvrageServiceImplTest, testInstance = org.val.win.service.impl.OuvrageServiceImplTest@247310d0, testMethod = getListOuvrage@OuvrageServiceImplTest, testException = org.springframework.jdbc.BadSqlGrammarException: StatementCallback; bad SQL grammar [SELECT * FROM public.ouvrage]; nested exception is org.postgresql.util.PSQLException: Le nom de colonne nom_ouvrage n&apos;a pas été trouvé dans ce ResultSet., mergedContextConfiguration = [MergedContextConfiguration@229c6181 testClass = OuvrageServiceImplTest, locations = &apos;{classpath:bootstrapContext.xml}&apos;, classes = &apos;{}&apos;, contextInitializerClasses = &apos;[]&apos;, activeProfiles = &apos;{}&apos;, propertySourceLocations = &apos;{}&apos;, propertySourceProperties = &apos;{}&apos;, contextCustomizers = set[[empty]], contextLoader = &apos;org.springframework.test.context.support.DelegatingSmartContextLoader&apos;, parent = [null]], attributes = map[[empty]]]
</system-err>
  </testcase>
</testsuite>